Removed Pin From Net: NetName=GND Pin=-5REG-1
Removed Pin From Net: NetName=NetC4_2 Pin=-5REG-2
Removed Pin From Net: NetName=GND Pin=C1-1
Removed Pin From Net: NetName=NetC4_2 Pin=C6-1
Removed Pin From Net: NetName=GND Pin=C6-2
Removed Pin From Net: NetName=GND Pin=C7-1
Removed Pin From Net: NetName=GND Pin=C8-1
Removed Pin From Net: NetName=GND Pin=C9-1
Removed Pin From Net: NetName=+5 Pin=C9-2
Removed Pin From Net: NetName=GND Pin=C10-1
Removed Pin From Net: NetName=+5 Pin=C10-2
Removed Pin From Net: NetName=GND Pin=I_PD-SH1
Removed Pin From Net: NetName=GND Pin=I_PD-SH2
Removed Pin From Net: NetName=GND Pin=I_PD-SH3
Removed Pin From Net: NetName=GND Pin=I_PD-SH4
Removed Pin From Net: NetName=GND Pin=OPAMP-3
Removed Pin From Net: NetName=+5 Pin=OPAMP-7
Removed Pin From Net: NetName=GND Pin=PDBIAS-SH1
Removed Pin From Net: NetName=GND Pin=PDBIAS-SH2
Removed Pin From Net: NetName=GND Pin=PDBIAS-SH3
Removed Pin From Net: NetName=GND Pin=PDBIAS-SH4
Removed Pin From Net: NetName=GND Pin=PDBIASCAP1-1
Removed Pin From Net: NetName=GND Pin=PDBIASCAP2-1
Removed Pin From Net: NetName=GND Pin=PDSIG-2
Removed Pin From Net: NetName=GND Pin=R5-1
Removed Pin From Net: NetName=GND Pin=SIGCAP-1
Removed Member From Class: ClassName=Bias_Supply Member=-5REG
Removed Member From Class: ClassName=Bias_Supply Member=AMPFBCAP
Removed Member From Class: ClassName=Bias_Supply Member=AMPGAIN
Removed Member From Class: ClassName=Bias_Supply Member=C1
Removed Member From Class: ClassName=Bias_Supply Member=C6
Removed Member From Class: ClassName=Bias_Supply Member=C7
Removed Member From Class: ClassName=Bias_Supply Member=C8
Removed Member From Class: ClassName=Bias_Supply Member=C9
Removed Member From Class: ClassName=Bias_Supply Member=C10
Removed Member From Class: ClassName=Bias_Supply Member=I_PD
Removed Member From Class: ClassName=Bias_Supply Member=OPAMP
Removed Member From Class: ClassName=Bias_Supply Member=PDBIASCAP1
Removed Member From Class: ClassName=Bias_Supply Member=PDBIASCAP2
Removed Member From Class: ClassName=Bias_Supply Member=PDBIAS
Removed Member From Class: ClassName=Bias_Supply Member=PDSIG
Removed Member From Class: ClassName=Bias_Supply Member=R4
Removed Member From Class: ClassName=Bias_Supply Member=R5
Removed Member From Class: ClassName=Bias_Supply Member=REG
Removed Member From Class: ClassName=Bias_Supply Member=SIGCAP
Change Net Name : Old Net Name=NetC4_2 New Net Name=-5
Change Class Name : Old Net Name=Bias_Supply New Net Name=ppschem
Added Room: Name=ppschem
