Change Component Designator: OldDesignator= NewDesignator=P1
Change Component Designator: OldDesignator= NewDesignator=R9
Change Component Designator: OldDesignator= NewDesignator=R10
Change Component Designator: OldDesignator= NewDesignator=R11
Change Component Designator: OldDesignator= NewDesignator=U1
Added Component: Designator=J?(HRS_DF17(3.0)-40DS-0.5V(57))
Add component (AddParameter): Name = "Availability"; Value = "Unavailable"; VariantName = "[No Variations]"
Add component (AddParameter): Name = "MF"; Value = ""; VariantName = "[No Variations]"
Add component (AddParameter): Name = "MP"; Value = "DF17(3.0)-40DS-0.5V(57)"; VariantName = "[No Variations]"
Add component (AddParameter): Name = "Package"; Value = "None"; VariantName = "[No Variations]"
Add component (AddParameter): Name = "Price"; Value = "None"; VariantName = "[No Variations]"
Add component (AddParameter): Name = "Value"; Value = ""; VariantName = "[No Variations]"
Add Component: Footprint Not Found TAOGLAS_EMPCB.SMAFSTJ.B.HT
Add Component: Footprint Not Found TAOGLAS_EMPCB.SMAFSTJ.B.HT
Added Pin To Net: NetName=GND Pin=J?-1
Added Pin To Net: NetName=GND Pin=J?-2
Added Pin To Net: NetName=GND Pin=J?-19
Added Pin To Net: NetName=GND Pin=J?-20
Added Pin To Net: NetName=GND Pin=J?-21
Added Pin To Net: NetName=GND Pin=J?-22
Added Pin To Net: NetName=GND Pin=J?-39
Added Pin To Net: NetName=GND Pin=J?-40
Added Pin To Net: NetName=GND Pin=J?-S1
Added Pin To Net: NetName=GND Pin=J?-S2
Add Pin To Net: Unknown Pin: Pin PDBIAS?-SH1
Add Pin To Net: Unknown Pin: Pin PDBIAS?-SH2
Add Pin To Net: Unknown Pin: Pin PDBIAS?-SH3
Add Pin To Net: Unknown Pin: Pin PDBIAS?-SH4
Add Pin To Net: Unknown Pin: Pin PDCURR-SH1
Add Pin To Net: Unknown Pin: Pin PDCURR-SH2
Add Pin To Net: Unknown Pin: Pin PDCURR-SH3
Add Pin To Net: Unknown Pin: Pin PDCURR-SH4
Added Member To Class: ClassName=Sheet1 Member=Component D1 LED0
Added Member To Class: ClassName=Sheet1 Member=Component J? DF17(3.0)-40DS-0.5V(57)
Added Member To Class: ClassName=Sheet1 Member=Component P1 61300511121
Add Class Member: Failed to add class member : Component PDBIAS? EMPCB.SMAFSTJ.B.HT
Add Class Member: Failed to add class member : Component PDCURR EMPCB.SMAFSTJ.B.HT
Added Member To Class: ClassName=Sheet1 Member=Component R9 Res1
Added Member To Class: ClassName=Sheet1 Member=Component R10 Res1
Added Member To Class: ClassName=Sheet1 Member=Component R11 Res1
Added Member To Class: ClassName=Sheet1 Member=Component U1 TLC59108FIPWR
Added Room: Name=Sheet1
