Change Component Footprint: Designator= Old Footprint=3.2X1.6X1.1 New Footprint=6-0805_L
Change Component Footprint: Designator=R1 Old Footprint=3.2X1.6X1.1 New Footprint=6-0805_L
Change Component Footprint: Designator=R2 Old Footprint=3.2X1.6X1.1 New Footprint=6-0805_L
Change Component Footprint: Designator=R3 Old Footprint=3.2X1.6X1.1 New Footprint=6-0805_L
Change Component Footprint: Designator=R4 Old Footprint=3.2X1.6X1.1 New Footprint=6-0805_L
Change Component Footprint: Designator=R5 Old Footprint=3.2X1.6X1.1 New Footprint=6-0805_L
Change Component Footprint: Designator=R6 Old Footprint=3.2X1.6X1.1 New Footprint=6-0805_L
Change Component Footprint: Designator=R7 Old Footprint=3.2X1.6X1.1 New Footprint=6-0805_L
Change Component Footprint: Designator=R8 Old Footprint=3.2X1.6X1.1 New Footprint=6-0805_L
Change Component Designator: OldDesignator= NewDesignator=P1
Change Component Designator: OldDesignator= NewDesignator=R9
Change Component Designator: OldDesignator= NewDesignator=U1
Added Component: Designator=R10(6-0805_L)
Add component (AddParameter): Name = "LatestRevisionDate"; Value = "17-Jul-2002"; VariantName = "[No Variations]"
Add component (AddParameter): Name = "LatestRevisionNote"; Value = "Re-released for DXP Platform."; VariantName = "[No Variations]"
Add component (AddParameter): Name = "PackageDescription"; Value = "Axial Device, Thru-Hole; 2 Leads; 0.3 in Pin Spacing"; VariantName = "[No Variations]"
Add component (AddParameter): Name = "PackageReference"; Value = "AXIAL-0.3"; VariantName = "[No Variations]"
Add component (AddParameter): Name = "Published"; Value = "8-Jun-2000"; VariantName = "[No Variations]"
Add component (AddParameter): Name = "Publisher"; Value = "Altium Limited"; VariantName = "[No Variations]"
Add component (AddParameter): Name = "Value"; Value = "10k"; VariantName = "[No Variations]"
Added Component: Designator=R11(6-0805_L)
Add component (AddParameter): Name = "LatestRevisionDate"; Value = "17-Jul-2002"; VariantName = "[No Variations]"
Add component (AddParameter): Name = "LatestRevisionNote"; Value = "Re-released for DXP Platform."; VariantName = "[No Variations]"
Add component (AddParameter): Name = "PackageDescription"; Value = "Axial Device, Thru-Hole; 2 Leads; 0.3 in Pin Spacing"; VariantName = "[No Variations]"
Add component (AddParameter): Name = "PackageReference"; Value = "AXIAL-0.3"; VariantName = "[No Variations]"
Add component (AddParameter): Name = "Published"; Value = "8-Jun-2000"; VariantName = "[No Variations]"
Add component (AddParameter): Name = "Publisher"; Value = "Altium Limited"; VariantName = "[No Variations]"
Add component (AddParameter): Name = "Value"; Value = "10k"; VariantName = "[No Variations]"
Added Pin To Net: NetName=VCC Pin=R10-1
Added Pin To Net: NetName=NetP1_4 Pin=R10-2
Added Pin To Net: NetName=VCC Pin=R11-1
Added Pin To Net: NetName=NetP1_3 Pin=R11-2
Added Member To Class: ClassName=Sheet1 Member=Component P1 61300511121
Added Member To Class: ClassName=Sheet1 Member=Component R9 Res1
Added Member To Class: ClassName=Sheet1 Member=Component R10 Res1
Added Member To Class: ClassName=Sheet1 Member=Component R11 Res1
Added Member To Class: ClassName=Sheet1 Member=Component U1 TLC59108FIPWR
Added Room: Name=Sheet1
